<?xml version="1.0" encoding="utf-8"?><testsuites name="pytest tests"><testsuite name="pytest" errors="0" failures="0" skipped="0" tests="29" time="3.630" timestamp="2026-01-24T19:48:29.668083+00:00" hostname="agent-env-385a31b4-4d65-40cf-898f-fd287d48e76c"><testcase classname="backend.tests.test_mega_features.TestTasksEnhanced" name="test_create_task_with_tags" time="0.331" /><testcase classname="backend.tests.test_mega_features.TestTasksEnhanced" name="test_create_task_with_due_date" time="0.040" /><testcase classname="backend.tests.test_mega_features.TestTasksEnhanced" name="test_overdue_detection" time="0.093" /><testcase classname="backend.tests.test_mega_features.TestTasksEnhanced" name="test_today_tasks_filter" time="0.085" /><testcase classname="backend.tests.test_mega_features.TestTasksEnhanced" name="test_status_change_history" time="0.133" /><testcase classname="backend.tests.test_mega_features.TestTasksEnhanced" name="test_create_task_with_linked_goal" time="0.083" /><testcase classname="backend.tests.test_mega_features.TestTasksEnhanced" name="test_get_tasks_by_goal" time="0.128" /><testcase classname="backend.tests.test_mega_features.TestFocusTimer" name="test_start_pomodoro_session" time="0.042" /><testcase classname="backend.tests.test_mega_features.TestFocusTimer" name="test_start_session_with_task" time="0.126" /><testcase classname="backend.tests.test_mega_features.TestFocusTimer" name="test_complete_pomodoro_session" time="0.084" /><testcase classname="backend.tests.test_mega_features.TestFocusTimer" name="test_get_pomodoro_stats" time="0.041" /><testcase classname="backend.tests.test_mega_features.TestFocusTimer" name="test_get_recent_sessions" time="0.040" /><testcase classname="backend.tests.test_mega_features.TestFocusTimer" name="test_preset_durations" time="0.162" /><testcase classname="backend.tests.test_mega_features.TestStudyGroupsMulti" name="test_create_group_v2" time="0.042" /><testcase classname="backend.tests.test_mega_features.TestStudyGroupsMulti" name="test_get_my_groups" time="0.057" /><testcase classname="backend.tests.test_mega_features.TestStudyGroupsMulti" name="test_get_public_groups" time="0.047" /><testcase classname="backend.tests.test_mega_features.TestStudyGroupsMulti" name="test_get_group_details" time="0.082" /><testcase classname="backend.tests.test_mega_features.TestStudyGroupsMulti" name="test_leave_group_v2" time="0.082" /><testcase classname="backend.tests.test_mega_features.TestStudyGroupsMulti" name="test_set_primary_group" time="0.079" /><testcase classname="backend.tests.test_mega_features.TestGroupChat" name="test_send_message" time="0.124" /><testcase classname="backend.tests.test_mega_features.TestGroupChat" name="test_get_messages" time="0.292" /><testcase classname="backend.tests.test_mega_features.TestGroupGoals" name="test_create_group_goal" time="0.085" /><testcase classname="backend.tests.test_mega_features.TestGroupGoals" name="test_get_group_goals" time="0.128" /><testcase classname="backend.tests.test_mega_features.TestGroupGoals" name="test_contribute_to_goal" time="0.175" /><testcase classname="backend.tests.test_mega_features.TestGroupGoals" name="test_goal_progress_tracking" time="0.297" /><testcase classname="backend.tests.test_mega_features.TestLeaderboard" name="test_get_user_leaderboard" time="0.051" /><testcase classname="backend.tests.test_mega_features.TestLeaderboard" name="test_get_group_leaderboard" time="0.043" /><testcase classname="backend.tests.test_mega_features.TestCleanup" name="test_cleanup_test_tasks" time="0.395" /><testcase classname="backend.tests.test_mega_features.TestCleanup" name="test_cleanup_test_goals" time="0.162" /></testsuite></testsuites>