<?xml version="1.0" encoding="utf-8"?><testsuites name="pytest tests"><testsuite name="pytest" errors="0" failures="0" skipped="0" tests="14" time="11.534" timestamp="2026-01-24T16:47:01.086530+00:00" hostname="agent-env-7f17a715-872b-4342-ab89-5281c50b52aa"><testcase classname="backend.tests.test_goals.TestGoalsAPI" name="test_login_success" time="0.608" /><testcase classname="backend.tests.test_goals.TestGoalsAPI" name="test_get_all_goals" time="0.310" /><testcase classname="backend.tests.test_goals.TestGoalsAPI" name="test_create_goal" time="0.357" /><testcase classname="backend.tests.test_goals.TestGoalsAPI" name="test_create_goal_and_verify_persistence" time="0.382" /><testcase classname="backend.tests.test_goals.TestGoalsAPI" name="test_update_goal_subtasks" time="0.391" /><testcase classname="backend.tests.test_goals.TestGoalsAPI" name="test_toggle_subtask_completion" time="0.429" /><testcase classname="backend.tests.test_goals.TestGoalsAPI" name="test_log_progress" time="0.427" /><testcase classname="backend.tests.test_goals.TestGoalsAPI" name="test_mark_goal_complete" time="0.424" /><testcase classname="backend.tests.test_goals.TestGoalsAPI" name="test_reopen_goal" time="0.440" /><testcase classname="backend.tests.test_goals.TestGoalsAPI" name="test_delete_goal" time="0.372" /><testcase classname="backend.tests.test_goals.TestGoalsAPI" name="test_ai_goal_breakdown" time="6.273" /><testcase classname="backend.tests.test_goals.TestGoalsEdgeCases" name="test_update_nonexistent_goal" time="0.304" /><testcase classname="backend.tests.test_goals.TestGoalsEdgeCases" name="test_delete_nonexistent_goal" time="0.367" /><testcase classname="backend.tests.test_goals.TestGoalsEdgeCases" name="test_unauthorized_access" time="0.331" /></testsuite></testsuites>