<?xml version="1.0" encoding="utf-8"?><testsuites name="pytest tests"><testsuite name="pytest" errors="0" failures="2" skipped="0" tests="29" time="3.486" timestamp="2026-01-24T19:43:46.129786+00:00" hostname="agent-env-385a31b4-4d65-40cf-898f-fd287d48e76c"><testcase classname="backend.tests.test_mega_features.TestTasksEnhanced" name="test_create_task_with_tags" time="0.393" /><testcase classname="backend.tests.test_mega_features.TestTasksEnhanced" name="test_create_task_with_due_date" time="0.046" /><testcase classname="backend.tests.test_mega_features.TestTasksEnhanced" name="test_overdue_detection" time="0.087" /><testcase classname="backend.tests.test_mega_features.TestTasksEnhanced" name="test_today_tasks_filter" time="0.075" /><testcase classname="backend.tests.test_mega_features.TestTasksEnhanced" name="test_status_change_history" time="0.134" /><testcase classname="backend.tests.test_mega_features.TestTasksEnhanced" name="test_create_task_with_linked_goal" time="0.090" /><testcase classname="backend.tests.test_mega_features.TestTasksEnhanced" name="test_get_tasks_by_goal" time="0.124" /><testcase classname="backend.tests.test_mega_features.TestFocusTimer" name="test_start_pomodoro_session" time="0.042" /><testcase classname="backend.tests.test_mega_features.TestFocusTimer" name="test_start_session_with_task" time="0.080" /><testcase classname="backend.tests.test_mega_features.TestFocusTimer" name="test_complete_pomodoro_session" time="0.080" /><testcase classname="backend.tests.test_mega_features.TestFocusTimer" name="test_get_pomodoro_stats" time="0.038" /><testcase classname="backend.tests.test_mega_features.TestFocusTimer" name="test_get_recent_sessions" time="0.039" /><testcase classname="backend.tests.test_mega_features.TestFocusTimer" name="test_preset_durations" time="0.161" /><testcase classname="backend.tests.test_mega_features.TestStudyGroupsMulti" name="test_create_group_v2" time="0.083" /><testcase classname="backend.tests.test_mega_features.TestStudyGroupsMulti" name="test_get_my_groups" time="0.037" /><testcase classname="backend.tests.test_mega_features.TestStudyGroupsMulti" name="test_get_public_groups" time="0.041" /><testcase classname="backend.tests.test_mega_features.TestStudyGroupsMulti" name="test_get_group_details" time="0.081" /><testcase classname="backend.tests.test_mega_features.TestStudyGroupsMulti" name="test_leave_group_v2" time="0.089" /><testcase classname="backend.tests.test_mega_features.TestStudyGroupsMulti" name="test_set_primary_group" time="0.085" /><testcase classname="backend.tests.test_mega_features.TestGroupChat" name="test_send_message" time="0.088"><failure message="AssertionError: Expected 201, got 200: {&quot;message_id&quot;:&quot;msg_8db2efd39ad0&quot;,&quot;group_id&quot;:&quot;group_b349e7f83d31&quot;,&quot;user_id&quot;:&quot;user_03e4c11ee95a&quot;,&quot;user_name&quot;:&quot;Mega Feature Tester&quot;,&quot;user_picture&quot;:null,&quot;content&quot;:&quot;Hello, this is a test message!&quot;,&quot;message_type&quot;:&quot;text&quot;,&quot;created_at&quot;:&quot;2026-01-24T19:43:48.167032+00:00&quot;}&#10;assert 200 == 201&#10; +  where 200 = &lt;Response [200]&gt;.status_code">backend/tests/test_mega_features.py:414: in test_send_message
    assert response.status_code == 201, f"Expected 201, got {response.status_code}: {response.text}"
E   AssertionError: Expected 201, got 200: {"message_id":"msg_8db2efd39ad0","group_id":"group_b349e7f83d31","user_id":"user_03e4c11ee95a","user_name":"Mega Feature Tester","user_picture":null,"content":"Hello, this is a test message!","message_type":"text","created_at":"2026-01-24T19:43:48.167032+00:00"}
E   assert 200 == 201
E    +  where 200 = &lt;Response [200]&gt;.status_code</failure></testcase><testcase classname="backend.tests.test_mega_features.TestGroupChat" name="test_get_messages" time="0.209" /><testcase classname="backend.tests.test_mega_features.TestGroupGoals" name="test_create_group_goal" time="0.133"><failure message="AssertionError: Expected 201, got 200: {&quot;goal_id&quot;:&quot;ggoal_f4b6a9e67080&quot;,&quot;group_id&quot;:&quot;group_5710587f09cc&quot;,&quot;title&quot;:&quot;Complete 100 Pomodoros&quot;,&quot;description&quot;:&quot;Team goal to complete 100 focus sessions&quot;,&quot;target_count&quot;:100,&quot;current_count&quot;:0,&quot;target_date&quot;:&quot;2026-02-23&quot;,&quot;completed&quot;:false,&quot;contributors&quot;:[],&quot;created_by&quot;:&quot;user_03e4c11ee95a&quot;,&quot;created_at&quot;:&quot;2026-01-24T19:43:48.520533+00:00&quot;}&#10;assert 200 == 201&#10; +  where 200 = &lt;Response [200]&gt;.status_code">backend/tests/test_mega_features.py:467: in test_create_group_goal
    assert response.status_code == 201, f"Expected 201, got {response.status_code}: {response.text}"
E   AssertionError: Expected 201, got 200: {"goal_id":"ggoal_f4b6a9e67080","group_id":"group_5710587f09cc","title":"Complete 100 Pomodoros","description":"Team goal to complete 100 focus sessions","target_count":100,"current_count":0,"target_date":"2026-02-23","completed":false,"contributors":[],"created_by":"user_03e4c11ee95a","created_at":"2026-01-24T19:43:48.520533+00:00"}
E   assert 200 == 201
E    +  where 200 = &lt;Response [200]&gt;.status_code</failure></testcase><testcase classname="backend.tests.test_mega_features.TestGroupGoals" name="test_get_group_goals" time="0.114" /><testcase classname="backend.tests.test_mega_features.TestGroupGoals" name="test_contribute_to_goal" time="0.117" /><testcase classname="backend.tests.test_mega_features.TestGroupGoals" name="test_goal_progress_tracking" time="0.241" /><testcase classname="backend.tests.test_mega_features.TestLeaderboard" name="test_get_user_leaderboard" time="0.047" /><testcase classname="backend.tests.test_mega_features.TestLeaderboard" name="test_get_group_leaderboard" time="0.045" /><testcase classname="backend.tests.test_mega_features.TestCleanup" name="test_cleanup_test_tasks" time="0.390" /><testcase classname="backend.tests.test_mega_features.TestCleanup" name="test_cleanup_test_goals" time="0.114" /></testsuite></testsuites>